<?xml version="1.0" encoding="UTF-8"?>
<!-- Generated by org.testng.reporters.JUnitXMLReporter -->
<testsuite ignored="0" hostname="lappy" failures="0" tests="3" name="Default test" time="82.792" errors="0" timestamp="2024-02-16T19:11:15 IST">
  <testcase classname="www.lavatech.com.TestClass" name="signIn" time="29.794"/>
  <testcase classname="www.lavatech.com.TestClass" name="cartTest" time="19.523"/>
  <testcase classname="www.lavatech.com.TestClass" name="orderTest" time="15.486"/>
</testsuite> <!-- Default test -->
