<?xml version="1.0" encoding="UTF-8"?>
<testng-results ignored="0" total="3" passed="3" failed="0" skipped="0">
  <reporter-output>
  </reporter-output>
  <suite started-at="2024-02-16T19:09:52 IST" name="Default suite" finished-at="2024-02-16T19:11:15 IST" duration-ms="82792">
    <groups>
    </groups>
    <test started-at="2024-02-16T19:09:52 IST" name="Default test" finished-at="2024-02-16T19:11:15 IST" duration-ms="82792">
      <class name="www.lavatech.com.TestClass">
        <test-method is-config="true" signature="setUp()[pri:0, instance:www.lavatech.com.TestClass@5ba3f27a]" started-at="2024-02-16T19:09:52 IST" name="setUp" finished-at="2024-02-16T19:09:59 IST" duration-ms="6946" status="PASS">
          <reporter-output>
          </reporter-output>
        </test-method> <!-- setUp -->
        <test-method signature="signIn()[pri:0, instance:www.lavatech.com.TestClass@5ba3f27a]" started-at="2024-02-16T19:09:59 IST" name="signIn" finished-at="2024-02-16T19:10:28 IST" duration-ms="29794" status="PASS">
          <reporter-output>
          </reporter-output>
        </test-method> <!-- signIn -->
        <test-method signature="cartTest()[pri:1, instance:www.lavatech.com.TestClass@5ba3f27a]" started-at="2024-02-16T19:10:28 IST" name="cartTest" finished-at="2024-02-16T19:10:48 IST" duration-ms="19523" status="PASS">
          <reporter-output>
          </reporter-output>
        </test-method> <!-- cartTest -->
        <test-method signature="orderTest()[pri:2, instance:www.lavatech.com.TestClass@5ba3f27a]" started-at="2024-02-16T19:10:48 IST" name="orderTest" finished-at="2024-02-16T19:11:04 IST" duration-ms="15486" status="PASS">
          <reporter-output>
          </reporter-output>
        </test-method> <!-- orderTest -->
        <test-method is-config="true" signature="deleteAccount()[pri:0, instance:www.lavatech.com.TestClass@5ba3f27a]" started-at="2024-02-16T19:11:04 IST" name="deleteAccount" finished-at="2024-02-16T19:11:15 IST" duration-ms="11010" status="PASS">
          <reporter-output>
          </reporter-output>
        </test-method> <!-- deleteAccount -->
      </class> <!-- www.lavatech.com.TestClass -->
    </test> <!-- Default test -->
  </suite> <!-- Default suite -->
</testng-results>
